error : 2021-10-22 12:17:05 [백엔드 맛보기] 잘 들어가 지나? 
error : 2021-10-22 12:17:05 [백엔드 맛보기] 잘 들어가 지나? 
error : 2021-10-22 12:18:05 [백엔드 맛보기] 잘 들어가 지나? 
error : 2021-10-22 12:19:05 [백엔드 맛보기] 잘 들어가 지나? 
error : 2021-10-22 12:19:05 [백엔드 맛보기] 잘 들어가 지나? 
error : 2021-10-22 12:23:05 [백엔드 맛보기] 잘 들어가 지나? 
error : 2021-10-22 12:24:05 [백엔드 맛보기] 잘 들어가 지나? 
error : 2021-10-22 12:25:05 [백엔드 맛보기] 잘 들어가 지나? 
error : 2021-10-22 12:25:05 [백엔드 맛보기] 잘 들어가 지나? 
error : 2021-10-22 12:25:05 [백엔드 맛보기] 잘 들어가 지나? 
error : 2021-10-22 12:25:05 [백엔드 맛보기] 잘 들어가 지나? 
error : 2021-10-22 12:26:05 [백엔드 맛보기] 잘 들어가 지나? 
error : 2021-10-22 12:27:05 [백엔드 맛보기] 잘 들어가 지나? 
error : 2021-10-22 12:27:05 [백엔드 맛보기] 잘 들어가 지나? 
error : 2021-10-22 12:27:05 [백엔드 맛보기] 잘 들어가 지나? 
error : 2021-10-22 12:27:05 [백엔드 맛보기] 잘 들어가 지나? 
error : 2021-10-22 12:29:05 [백엔드 맛보기] 잘 들어가 지나? 
error : 2021-10-22 12:30:05 [백엔드 맛보기] 잘 들어가 지나? 
error : 2021-10-22 12:31:05 [백엔드 맛보기] 잘 들어가 지나? 
error : 2021-10-22 12:31:05 [백엔드 맛보기] 잘 들어가 지나? 
error : 2021-10-22 12:33:05 [백엔드 맛보기] 잘 들어가 지나? 
error : 2021-10-22 12:34:05 [백엔드 맛보기] 잘 들어가 지나? 
error : 2021-10-22 12:36:05 [백엔드 맛보기] 잘 들어가 지나? 
error : 2021-10-22 12:38:05 [백엔드 맛보기] 잘 들어가 지나? 
error : 2021-10-22 12:38:05 [백엔드 맛보기] 잘 들어가 지나? 
error : 2021-10-22 12:38:05 [백엔드 맛보기] asdsadsa 
error : 2021-10-22 12:39:05 [백엔드 맛보기] 잘 들어가 지나? 
info : 2021-10-22 12:39:05 [백엔드 맛보기] asdsadsa 
error : 2021-10-22 12:40:05 [백엔드 맛보기] 잘 들어가 지나? 
info : 2021-10-22 12:40:05 [백엔드 맛보기] ${port}번 포트에서 정상적으로 서버가 가동되었습니다. 
error : 2021-10-22 12:40:05 [백엔드 맛보기] 잘 들어가 지나? 
info : 2021-10-22 12:40:05 [백엔드 맛보기] 5000번 포트에서 정상적으로 서버가 가동되었습니다. 
info : 2021-10-22 12:42:05 [백엔드 맛보기] 5000번 포트에서 정상적으로 서버가 가동되었습니다. 
info : 2021-10-22 12:42:05 [백엔드 맛보기] 5000번 포트에서 정상적으로 서버가 가동되었습니다. 
info : 2021-10-22 12:47:05 [백엔드 맛보기] 5000번 포트에서 정상적으로 서버가 가동되었습니다. 
